Started GET "/" for ::1 at 2020-11-08 14:04:27 +0900
  
ActiveRecord::NoDatabaseError (FATAL:  database "my-foreman_development" does not exist
):
  
activerecord (5.2.4.4) lib/active_record/connection_adapters/postgresql_adapter.rb:696:in `rescue in connect'
activerecord (5.2.4.4) lib/active_record/connection_adapters/postgresql_adapter.rb:691:in `connect'
activerecord (5.2.4.4) lib/active_record/connection_adapters/postgresql_adapter.rb:223:in `initialize'
activerecord (5.2.4.4) lib/active_record/connection_adapters/postgresql_adapter.rb:48:in `new'
activerecord (5.2.4.4) lib/active_record/connection_adapters/postgresql_adapter.rb:48:in `postgresql_connection'
activerecord (5.2.4.4) lib/active_record/connection_adapters/abstract/connection_pool.rb:830:in `new_connection'
activerecord (5.2.4.4) lib/active_record/connection_adapters/abstract/connection_pool.rb:874:in `checkout_new_connection'
activerecord (5.2.4.4) lib/active_record/connection_adapters/abstract/connection_pool.rb:853:in `try_to_checkout_new_connection'
activerecord (5.2.4.4) lib/active_record/connection_adapters/abstract/connection_pool.rb:814:in `acquire_connection'
activerecord (5.2.4.4) lib/active_record/connection_adapters/abstract/connection_pool.rb:538:in `checkout'
activerecord (5.2.4.4) lib/active_record/connection_adapters/abstract/connection_pool.rb:382:in `connection'
activerecord (5.2.4.4) lib/active_record/connection_adapters/abstract/connection_pool.rb:1033:in `retrieve_connection'
activerecord (5.2.4.4) lib/active_record/connection_handling.rb:118:in `retrieve_connection'
activerecord (5.2.4.4) lib/active_record/connection_handling.rb:90:in `connection'
activerecord (5.2.4.4) lib/active_record/migration.rb:554:in `call'
actionpack (5.2.4.4) lib/action_dispatch/middleware/callbacks.rb:28:in `block in call'
activesupport (5.2.4.4) lib/active_support/callbacks.rb:98:in `run_callbacks'
actionpack (5.2.4.4) lib/action_dispatch/middleware/callbacks.rb:26:in `call'
actionpack (5.2.4.4) lib/action_dispatch/middleware/executor.rb:14:in `call'
actionpack (5.2.4.4) lib/action_dispatch/middleware/debug_exceptions.rb:61:in `call'
web-console (3.7.0) lib/web_console/middleware.rb:135:in `call_app'
web-console (3.7.0) lib/web_console/middleware.rb:30:in `block in call'
web-console (3.7.0) lib/web_console/middleware.rb:20:in `catch'
web-console (3.7.0) lib/web_console/middleware.rb:20:in `call'
actionpack (5.2.4.4) lib/action_dispatch/middleware/show_exceptions.rb:33:in `call'
railties (5.2.4.4) lib/rails/rack/logger.rb:38:in `call_app'
railties (5.2.4.4) lib/rails/rack/logger.rb:26:in `block in call'
activesupport (5.2.4.4) lib/active_support/tagged_logging.rb:71:in `block in tagged'
activesupport (5.2.4.4) lib/active_support/tagged_logging.rb:28:in `tagged'
activesupport (5.2.4.4) lib/active_support/tagged_logging.rb:71:in `tagged'
railties (5.2.4.4) lib/rails/rack/logger.rb:26:in `call'
sprockets-rails (3.2.2) lib/sprockets/rails/quiet_assets.rb:13:in `call'
actionpack (5.2.4.4) lib/action_dispatch/middleware/remote_ip.rb:81:in `call'
actionpack (5.2.4.4) lib/action_dispatch/middleware/request_id.rb:27:in `call'
rack (2.2.3) lib/rack/method_override.rb:24:in `call'
rack (2.2.3) lib/rack/runtime.rb:22:in `call'
activesupport (5.2.4.4) lib/active_support/cache/strategy/local_cache_middleware.rb:29:in `call'
actionpack (5.2.4.4) lib/action_dispatch/middleware/executor.rb:14:in `call'
actionpack (5.2.4.4) lib/action_dispatch/middleware/static.rb:127:in `call'
rack (2.2.3) lib/rack/sendfile.rb:110:in `call'
railties (5.2.4.4) lib/rails/engine.rb:524:in `call'
puma (3.12.6) lib/puma/configuration.rb:227:in `call'
puma (3.12.6) lib/puma/server.rb:706:in `handle_request'
puma (3.12.6) lib/puma/server.rb:476:in `process_client'
puma (3.12.6) lib/puma/server.rb:334:in `block in run'
puma (3.12.6) lib/puma/thread_pool.rb:135:in `block in spawn_thread'
  [1m[35m (118.5ms)[0m  [1m[35mCREATE DATABASE "my-foreman_development" ENCODING = 'unicode'[0m
  ↳ bin/rails:4
  [1m[35m (45.1ms)[0m  [1m[35mCREATE DATABASE "my-foreman_test" ENCODING = 'unicode'[0m
  ↳ bin/rails:4
  [1m[35m (18.5ms)[0m  [1m[35mCREATE TABLE "schema_migrations" ("version" character varying NOT NULL PRIMARY KEY)[0m
  ↳ bin/rails:4
  [1m[35m (2.8ms)[0m  [1m[35mCREATE TABLE "ar_internal_metadata" ("key" character varying NOT NULL PRIMARY KEY, "value" character varying, "created_at" timestamp NOT NULL, "updated_at" timestamp NOT NULL)[0m
  ↳ bin/rails:4
  [1m[35m (0.6ms)[0m  [1m[34mSELECT pg_try_advisory_lock(4832799096352680600)[0m
  ↳ bin/rails:4
  [1m[35m (1.0ms)[0m  [1m[34mSELECT "schema_migrations"."version" FROM "schema_migrations" ORDER BY "schema_migrations"."version" ASC[0m
  ↳ bin/rails:4
Migrating to CreateUsers (20201108011922)
  [1m[35m (0.1ms)[0m  [1m[35mBEGIN[0m
  ↳ bin/rails:4
  [1m[35m (5.6ms)[0m  [1m[35mCREATE TABLE "users" ("id" bigserial primary key, "name" character varying, "age" integer, "created_at" timestamp NOT NULL, "updated_at" timestamp NOT NULL)[0m
  ↳ db/migrate/20201108011922_create_users.rb:3
  [1m[36mActiveRecord::SchemaMigration Create (0.4ms)[0m  [1m[32mINSERT INTO "schema_migrations" ("version") VALUES ($1) RETURNING "version"[0m  [["version", "20201108011922"]]
  ↳ bin/rails:4
  [1m[35m (0.4ms)[0m  [1m[35mCOMMIT[0m
  ↳ bin/rails:4
  [1m[36mActiveRecord::InternalMetadata Load (0.3ms)[0m  [1m[34mSELECT  "ar_internal_metadata".* FROM "ar_internal_metadata" WHERE "ar_internal_metadata"."key" = $1 LIMIT $2[0m  [["key", "environment"], ["LIMIT", 1]]
  ↳ bin/rails:4
  [1m[35m (0.1ms)[0m  [1m[35mBEGIN[0m
  ↳ bin/rails:4
  [1m[36mActiveRecord::InternalMetadata Create (1.0ms)[0m  [1m[32mINSERT INTO "ar_internal_metadata" ("key", "value", "created_at", "updated_at") VALUES ($1, $2, $3, $4) RETURNING "key"[0m  [["key", "environment"], ["value", "development"], ["created_at", "2020-11-08 08:11:40.428793"], ["updated_at", "2020-11-08 08:11:40.428793"]]
  ↳ bin/rails:4
  [1m[35m (0.5ms)[0m  [1m[35mCOMMIT[0m
  ↳ bin/rails:4
  [1m[35m (0.3ms)[0m  [1m[34mSELECT pg_advisory_unlock(4832799096352680600)[0m
  ↳ bin/rails:4
  [1m[35m (0.2ms)[0m  [1m[34mSELECT "schema_migrations"."version" FROM "schema_migrations" ORDER BY "schema_migrations"."version" ASC[0m
  ↳ bin/rails:4
Started GET "/" for ::1 at 2020-11-08 17:12:14 +0900
  [1m[35m (1.0ms)[0m  [1m[34mSELECT "schema_migrations"."version" FROM "schema_migrations" ORDER BY "schema_migrations"."version" ASC[0m
  ↳ /Users/junichi/.rbenv/versions/2.6.6/lib/ruby/gems/2.6.0/gems/activerecord-5.2.4.4/lib/active_record/log_subscriber.rb:98
Processing by UsersController#index as HTML
  Rendering users/index.html.haml within layouts/application
  Rendered users/index.html.haml within layouts/application (5.3ms)
Completed 200 OK in 1957ms (Views: 1947.0ms | ActiveRecord: 0.0ms)


Started GET "/" for ::1 at 2020-11-14 09:53:36 +0900
Processing by UsersController#index as HTML
  Rendering users/index.html.haml within layouts/application
  Rendered users/index.html.haml within layouts/application (10.4ms)
Completed 500 Internal Server Error in 25ms (ActiveRecord: 0.0ms)


  
ActionView::Template::Error (The line was indented 2 levels deeper than the previous line.):
     5:     %title Document
     6:   %body
     7: 
     8:       %h1 my-foreman
     9: 
    10: 
    11: -# %p#notice= notice
  
app/views/users/index.html.haml:8
Started GET "/" for ::1 at 2020-11-14 09:54:01 +0900
Processing by UsersController#index as HTML
  Rendering users/index.html.haml within layouts/application
  Rendered users/index.html.haml within layouts/application (5.3ms)
Completed 200 OK in 30ms (Views: 28.7ms | ActiveRecord: 0.0ms)


Started GET "/" for ::1 at 2020-11-17 00:17:02 +0900
Processing by UsersController#index as HTML
  Rendering users/index.html.haml within layouts/application
  Rendered users/index.html.haml within layouts/application (20.5ms)
Completed 200 OK in 76ms (Views: 63.0ms | ActiveRecord: 0.0ms)


Started GET "/" for ::1 at 2020-11-17 00:17:04 +0900
Processing by UsersController#index as HTML
  Rendering users/index.html.haml within layouts/application
  Rendered users/index.html.haml within layouts/application (7.7ms)
Completed 200 OK in 33ms (Views: 30.5ms | ActiveRecord: 0.0ms)


  [1m[35m (1.0ms)[0m  [1m[34mSELECT pg_try_advisory_lock(4832799096352680600)[0m
  ↳ bin/rails:4
  [1m[35m (2.3ms)[0m  [1m[34mSELECT "schema_migrations"."version" FROM "schema_migrations" ORDER BY "schema_migrations"."version" ASC[0m
  ↳ bin/rails:4
  [1m[36mActiveRecord::InternalMetadata Load (2.7ms)[0m  [1m[34mSELECT  "ar_internal_metadata".* FROM "ar_internal_metadata" WHERE "ar_internal_metadata"."key" = $1 LIMIT $2[0m  [["key", "environment"], ["LIMIT", 1]]
  ↳ bin/rails:4
  [1m[35m (0.2ms)[0m  [1m[35mBEGIN[0m
  ↳ bin/rails:4
  [1m[35m (0.1ms)[0m  [1m[35mCOMMIT[0m
  ↳ bin/rails:4
  [1m[35m (0.2ms)[0m  [1m[34mSELECT pg_advisory_unlock(4832799096352680600)[0m
  ↳ bin/rails:4
  [1m[35m (0.3ms)[0m  [1m[34mSELECT "schema_migrations"."version" FROM "schema_migrations" ORDER BY "schema_migrations"."version" ASC[0m
  ↳ bin/rails:4
Started GET "/" for ::1 at 2020-11-17 00:50:56 +0900
Processing by UsersController#index as HTML
  Rendering users/index.html.haml within layouts/application
  Rendered users/index.html.haml within layouts/application (5.7ms)
Completed 200 OK in 53ms (Views: 48.5ms | ActiveRecord: 0.0ms)


  [1m[35m (0.2ms)[0m  [1m[34mSELECT pg_try_advisory_lock(4832799096352680600)[0m
  ↳ bin/rails:4
  [1m[35m (0.9ms)[0m  [1m[34mSELECT "schema_migrations"."version" FROM "schema_migrations" ORDER BY "schema_migrations"."version" ASC[0m
  ↳ bin/rails:4
  [1m[36mActiveRecord::InternalMetadata Load (0.4ms)[0m  [1m[34mSELECT  "ar_internal_metadata".* FROM "ar_internal_metadata" WHERE "ar_internal_metadata"."key" = $1 LIMIT $2[0m  [["key", "environment"], ["LIMIT", 1]]
  ↳ bin/rails:4
  [1m[35m (0.2ms)[0m  [1m[35mBEGIN[0m
  ↳ bin/rails:4
  [1m[35m (0.1ms)[0m  [1m[35mCOMMIT[0m
  ↳ bin/rails:4
  [1m[35m (0.2ms)[0m  [1m[34mSELECT pg_advisory_unlock(4832799096352680600)[0m
  ↳ bin/rails:4
  [1m[35m (0.2ms)[0m  [1m[34mSELECT "schema_migrations"."version" FROM "schema_migrations" ORDER BY "schema_migrations"."version" ASC[0m
  ↳ bin/rails:4
  [1m[35m (0.2ms)[0m  [1m[34mSELECT pg_try_advisory_lock(4832799096352680600)[0m
  ↳ bin/rails:4
  [1m[35m (0.7ms)[0m  [1m[34mSELECT "schema_migrations"."version" FROM "schema_migrations" ORDER BY "schema_migrations"."version" ASC[0m
  ↳ bin/rails:4
  [1m[36mActiveRecord::InternalMetadata Load (0.4ms)[0m  [1m[34mSELECT  "ar_internal_metadata".* FROM "ar_internal_metadata" WHERE "ar_internal_metadata"."key" = $1 LIMIT $2[0m  [["key", "environment"], ["LIMIT", 1]]
  ↳ bin/rails:4
  [1m[35m (0.1ms)[0m  [1m[35mBEGIN[0m
  ↳ bin/rails:4
  [1m[35m (0.1ms)[0m  [1m[35mCOMMIT[0m
  ↳ bin/rails:4
  [1m[35m (0.2ms)[0m  [1m[34mSELECT pg_advisory_unlock(4832799096352680600)[0m
  ↳ bin/rails:4
  [1m[35m (0.2ms)[0m  [1m[34mSELECT "schema_migrations"."version" FROM "schema_migrations" ORDER BY "schema_migrations"."version" ASC[0m
  ↳ bin/rails:4
  [1m[35m (0.6ms)[0m  [1m[34mSELECT pg_try_advisory_lock(4832799096352680600)[0m
  ↳ bin/rails:4
  [1m[35m (0.9ms)[0m  [1m[34mSELECT "schema_migrations"."version" FROM "schema_migrations" ORDER BY "schema_migrations"."version" ASC[0m
  ↳ bin/rails:4
  [1m[36mActiveRecord::InternalMetadata Load (1.2ms)[0m  [1m[34mSELECT  "ar_internal_metadata".* FROM "ar_internal_metadata" WHERE "ar_internal_metadata"."key" = $1 LIMIT $2[0m  [["key", "environment"], ["LIMIT", 1]]
  ↳ bin/rails:4
  [1m[35m (0.2ms)[0m  [1m[35mBEGIN[0m
  ↳ bin/rails:4
  [1m[35m (0.1ms)[0m  [1m[35mCOMMIT[0m
  ↳ bin/rails:4
  [1m[35m (0.2ms)[0m  [1m[34mSELECT pg_advisory_unlock(4832799096352680600)[0m
  ↳ bin/rails:4
  [1m[35m (0.2ms)[0m  [1m[34mSELECT "schema_migrations"."version" FROM "schema_migrations" ORDER BY "schema_migrations"."version" ASC[0m
  ↳ bin/rails:4
Started GET "/" for ::1 at 2020-11-18 06:51:20 +0900
Processing by UsersController#index as HTML
  Rendering users/index.html.haml within layouts/application
  Rendered users/index.html.haml within layouts/application (6.0ms)
Completed 200 OK in 31ms (Views: 26.6ms | ActiveRecord: 0.0ms)


Started GET "/" for ::1 at 2020-11-18 06:51:21 +0900
Processing by UsersController#index as HTML
  Rendering users/index.html.haml within layouts/application
  Rendered users/index.html.haml within layouts/application (5.6ms)
Completed 200 OK in 23ms (Views: 21.7ms | ActiveRecord: 0.0ms)


Started GET "/" for ::1 at 2020-11-18 06:51:22 +0900
Processing by UsersController#index as HTML
  Rendering users/index.html.haml within layouts/application
  Rendered users/index.html.haml within layouts/application (4.3ms)
Completed 200 OK in 49ms (Views: 46.6ms | ActiveRecord: 0.0ms)


  [1m[35m (0.2ms)[0m  [1m[34mSELECT pg_try_advisory_lock(4832799096352680600)[0m
  ↳ bin/rails:4
  [1m[35m (0.7ms)[0m  [1m[34mSELECT "schema_migrations"."version" FROM "schema_migrations" ORDER BY "schema_migrations"."version" ASC[0m
  ↳ bin/rails:4
  [1m[36mActiveRecord::InternalMetadata Load (0.6ms)[0m  [1m[34mSELECT  "ar_internal_metadata".* FROM "ar_internal_metadata" WHERE "ar_internal_metadata"."key" = $1 LIMIT $2[0m  [["key", "environment"], ["LIMIT", 1]]
  ↳ bin/rails:4
  [1m[35m (0.2ms)[0m  [1m[35mBEGIN[0m
  ↳ bin/rails:4
  [1m[35m (0.1ms)[0m  [1m[35mCOMMIT[0m
  ↳ bin/rails:4
  [1m[35m (0.2ms)[0m  [1m[34mSELECT pg_advisory_unlock(4832799096352680600)[0m
  ↳ bin/rails:4
  [1m[35m (0.2ms)[0m  [1m[34mSELECT "schema_migrations"."version" FROM "schema_migrations" ORDER BY "schema_migrations"."version" ASC[0m
  ↳ bin/rails:4
  [1m[35m (0.2ms)[0m  [1m[34mSELECT pg_try_advisory_lock(4832799096352680600)[0m
  ↳ bin/rails:4
  [1m[35m (0.7ms)[0m  [1m[34mSELECT "schema_migrations"."version" FROM "schema_migrations" ORDER BY "schema_migrations"."version" ASC[0m
  ↳ bin/rails:4
  [1m[36mActiveRecord::InternalMetadata Load (0.4ms)[0m  [1m[34mSELECT  "ar_internal_metadata".* FROM "ar_internal_metadata" WHERE "ar_internal_metadata"."key" = $1 LIMIT $2[0m  [["key", "environment"], ["LIMIT", 1]]
  ↳ bin/rails:4
  [1m[35m (0.3ms)[0m  [1m[35mBEGIN[0m
  ↳ bin/rails:4
  [1m[35m (0.2ms)[0m  [1m[35mCOMMIT[0m
  ↳ bin/rails:4
  [1m[35m (0.2ms)[0m  [1m[34mSELECT pg_advisory_unlock(4832799096352680600)[0m
  ↳ bin/rails:4
  [1m[35m (0.2ms)[0m  [1m[34mSELECT "schema_migrations"."version" FROM "schema_migrations" ORDER BY "schema_migrations"."version" ASC[0m
  ↳ bin/rails:4
Started GET "/" for ::1 at 2020-11-19 02:07:08 +0900
Processing by UsersController#index as HTML
  Rendering users/index.html.haml within layouts/application
  Rendered users/index.html.haml within layouts/application (5.7ms)
Completed 200 OK in 37ms (Views: 32.2ms | ActiveRecord: 0.0ms)


  [1m[35m (0.8ms)[0m  [1m[34mSELECT "schema_migrations"."version" FROM "schema_migrations" ORDER BY "schema_migrations"."version" ASC[0m
  ↳ /Users/junichi/.rbenv/versions/2.6.6/bin/rake:23
  [1m[35m (0.4ms)[0m  [1m[34mSELECT "ar_internal_metadata"."value" FROM "ar_internal_metadata" WHERE "ar_internal_metadata"."key" = $1[0m  [["key", "environment"]]
  ↳ /Users/junichi/.rbenv/versions/2.6.6/bin/rake:23
  [1m[35m (0.2ms)[0m  [1m[34mSELECT "schema_migrations"."version" FROM "schema_migrations" ORDER BY "schema_migrations"."version" ASC[0m
  ↳ /Users/junichi/.rbenv/versions/2.6.6/bin/rake:23
  [1m[35m (0.2ms)[0m  [1m[34mSELECT "ar_internal_metadata"."value" FROM "ar_internal_metadata" WHERE "ar_internal_metadata"."key" = $1[0m  [["key", "environment"]]
  ↳ /Users/junichi/.rbenv/versions/2.6.6/bin/rake:23
  [1m[35m (0.2ms)[0m  [1m[34mSELECT "schema_migrations"."version" FROM "schema_migrations" ORDER BY "schema_migrations"."version" ASC[0m
  ↳ /Users/junichi/.rbenv/versions/2.6.6/bin/rake:23
  [1m[35m (0.2ms)[0m  [1m[34mSELECT "ar_internal_metadata"."value" FROM "ar_internal_metadata" WHERE "ar_internal_metadata"."key" = $1[0m  [["key", "environment"]]
  ↳ /Users/junichi/.rbenv/versions/2.6.6/bin/rake:23
  [1m[35m (42.7ms)[0m  [1m[35mDROP DATABASE IF EXISTS "my-foreman_development"[0m
  ↳ /Users/junichi/.rbenv/versions/2.6.6/bin/rake:23
  [1m[35m (24.8ms)[0m  [1m[35mDROP DATABASE IF EXISTS "my-foreman_test"[0m
  ↳ /Users/junichi/.rbenv/versions/2.6.6/bin/rake:23
  [1m[35m (137.6ms)[0m  [1m[35mCREATE DATABASE "my-foreman_development" ENCODING = 'unicode'[0m
  ↳ /Users/junichi/.rbenv/versions/2.6.6/bin/rake:23
  [1m[35m (48.1ms)[0m  [1m[35mCREATE DATABASE "my-foreman_test" ENCODING = 'unicode'[0m
  ↳ /Users/junichi/.rbenv/versions/2.6.6/bin/rake:23
  [1m[35m (21.2ms)[0m  [1m[35mCREATE TABLE "schema_migrations" ("version" character varying NOT NULL PRIMARY KEY)[0m
  ↳ /Users/junichi/.rbenv/versions/2.6.6/bin/rake:23
  [1m[35m (4.3ms)[0m  [1m[35mCREATE TABLE "ar_internal_metadata" ("key" character varying NOT NULL PRIMARY KEY, "value" character varying, "created_at" timestamp NOT NULL, "updated_at" timestamp NOT NULL)[0m
  ↳ /Users/junichi/.rbenv/versions/2.6.6/bin/rake:23
  [1m[35m (0.2ms)[0m  [1m[34mSELECT pg_try_advisory_lock(4832799096352680600)[0m
  ↳ /Users/junichi/.rbenv/versions/2.6.6/bin/rake:23
  [1m[35m (0.7ms)[0m  [1m[34mSELECT "schema_migrations"."version" FROM "schema_migrations" ORDER BY "schema_migrations"."version" ASC[0m
  ↳ /Users/junichi/.rbenv/versions/2.6.6/bin/rake:23
Migrating to CreateUsers (20201108011922)
  [1m[35m (0.2ms)[0m  [1m[35mBEGIN[0m
  ↳ /Users/junichi/.rbenv/versions/2.6.6/bin/rake:23
  [1m[35m (7.5ms)[0m  [1m[35mCREATE TABLE "users" ("id" bigserial primary key, "name" character varying, "age" integer, "created_at" timestamp NOT NULL, "updated_at" timestamp NOT NULL)[0m
  ↳ db/migrate/20201108011922_create_users.rb:3
  [1m[36mActiveRecord::SchemaMigration Create (2.7ms)[0m  [1m[32mINSERT INTO "schema_migrations" ("version") VALUES ($1) RETURNING "version"[0m  [["version", "20201108011922"]]
  ↳ /Users/junichi/.rbenv/versions/2.6.6/bin/rake:23
  [1m[35m (0.4ms)[0m  [1m[35mCOMMIT[0m
  ↳ /Users/junichi/.rbenv/versions/2.6.6/bin/rake:23
  [1m[36mActiveRecord::InternalMetadata Load (0.4ms)[0m  [1m[34mSELECT  "ar_internal_metadata".* FROM "ar_internal_metadata" WHERE "ar_internal_metadata"."key" = $1 LIMIT $2[0m  [["key", "environment"], ["LIMIT", 1]]
  ↳ /Users/junichi/.rbenv/versions/2.6.6/bin/rake:23
  [1m[35m (0.2ms)[0m  [1m[35mBEGIN[0m
  ↳ /Users/junichi/.rbenv/versions/2.6.6/bin/rake:23
  [1m[36mActiveRecord::InternalMetadata Create (1.7ms)[0m  [1m[32mINSERT INTO "ar_internal_metadata" ("key", "value", "created_at", "updated_at") VALUES ($1, $2, $3, $4) RETURNING "key"[0m  [["key", "environment"], ["value", "development"], ["created_at", "2020-11-18 17:18:59.422063"], ["updated_at", "2020-11-18 17:18:59.422063"]]
  ↳ /Users/junichi/.rbenv/versions/2.6.6/bin/rake:23
  [1m[35m (0.4ms)[0m  [1m[35mCOMMIT[0m
  ↳ /Users/junichi/.rbenv/versions/2.6.6/bin/rake:23
  [1m[35m (0.3ms)[0m  [1m[34mSELECT pg_advisory_unlock(4832799096352680600)[0m
  ↳ /Users/junichi/.rbenv/versions/2.6.6/bin/rake:23
  [1m[35m (0.3ms)[0m  [1m[34mSELECT "schema_migrations"."version" FROM "schema_migrations" ORDER BY "schema_migrations"."version" ASC[0m
  ↳ /Users/junichi/.rbenv/versions/2.6.6/bin/rake:23
  [1m[35m (0.7ms)[0m  [1m[34mSELECT "schema_migrations"."version" FROM "schema_migrations" ORDER BY "schema_migrations"."version" ASC[0m
  ↳ /Users/junichi/.rbenv/versions/2.6.6/bin/rake:23
  [1m[35m (0.4ms)[0m  [1m[34mSELECT "ar_internal_metadata"."value" FROM "ar_internal_metadata" WHERE "ar_internal_metadata"."key" = $1[0m  [["key", "environment"]]
  ↳ /Users/junichi/.rbenv/versions/2.6.6/bin/rake:23
  [1m[35m (0.2ms)[0m  [1m[34mSELECT "schema_migrations"."version" FROM "schema_migrations" ORDER BY "schema_migrations"."version" ASC[0m
  ↳ /Users/junichi/.rbenv/versions/2.6.6/bin/rake:23
  [1m[35m (0.3ms)[0m  [1m[34mSELECT "ar_internal_metadata"."value" FROM "ar_internal_metadata" WHERE "ar_internal_metadata"."key" = $1[0m  [["key", "environment"]]
  ↳ /Users/junichi/.rbenv/versions/2.6.6/bin/rake:23
  [1m[35m (0.2ms)[0m  [1m[34mSELECT "schema_migrations"."version" FROM "schema_migrations" ORDER BY "schema_migrations"."version" ASC[0m
  ↳ /Users/junichi/.rbenv/versions/2.6.6/bin/rake:23
  [1m[35m (0.2ms)[0m  [1m[34mSELECT "ar_internal_metadata"."value" FROM "ar_internal_metadata" WHERE "ar_internal_metadata"."key" = $1[0m  [["key", "environment"]]
  ↳ /Users/junichi/.rbenv/versions/2.6.6/bin/rake:23
  [1m[35m (24.7ms)[0m  [1m[35mDROP DATABASE IF EXISTS "my-foreman_development"[0m
  ↳ /Users/junichi/.rbenv/versions/2.6.6/bin/rake:23
  [1m[35m (23.9ms)[0m  [1m[35mDROP DATABASE IF EXISTS "my-foreman_test"[0m
  ↳ /Users/junichi/.rbenv/versions/2.6.6/bin/rake:23
  [1m[35m (137.4ms)[0m  [1m[35mCREATE DATABASE "my-foreman_development" ENCODING = 'unicode'[0m
  ↳ /Users/junichi/.rbenv/versions/2.6.6/bin/rake:23
  [1m[35m (47.2ms)[0m  [1m[35mCREATE DATABASE "my-foreman_test" ENCODING = 'unicode'[0m
  ↳ /Users/junichi/.rbenv/versions/2.6.6/bin/rake:23
  [1m[35m (9.4ms)[0m  [1m[35mCREATE TABLE "schema_migrations" ("version" character varying NOT NULL PRIMARY KEY)[0m
  ↳ /Users/junichi/.rbenv/versions/2.6.6/bin/rake:23
  [1m[35m (4.8ms)[0m  [1m[35mCREATE TABLE "ar_internal_metadata" ("key" character varying NOT NULL PRIMARY KEY, "value" character varying, "created_at" timestamp NOT NULL, "updated_at" timestamp NOT NULL)[0m
  ↳ /Users/junichi/.rbenv/versions/2.6.6/bin/rake:23
  [1m[35m (0.3ms)[0m  [1m[34mSELECT pg_try_advisory_lock(4832799096352680600)[0m
  ↳ /Users/junichi/.rbenv/versions/2.6.6/bin/rake:23
  [1m[35m (0.9ms)[0m  [1m[34mSELECT "schema_migrations"."version" FROM "schema_migrations" ORDER BY "schema_migrations"."version" ASC[0m
  ↳ /Users/junichi/.rbenv/versions/2.6.6/bin/rake:23
Migrating to CreateUsers (20201108011922)
  [1m[35m (0.3ms)[0m  [1m[35mBEGIN[0m
  ↳ /Users/junichi/.rbenv/versions/2.6.6/bin/rake:23
  [1m[35m (6.8ms)[0m  [1m[35mCREATE TABLE "users" ("id" bigserial primary key, "name" character varying, "age" integer, "created_at" timestamp NOT NULL, "updated_at" timestamp NOT NULL)[0m
  ↳ db/migrate/20201108011922_create_users.rb:3
  [1m[36mActiveRecord::SchemaMigration Create (0.7ms)[0m  [1m[32mINSERT INTO "schema_migrations" ("version") VALUES ($1) RETURNING "version"[0m  [["version", "20201108011922"]]
  ↳ /Users/junichi/.rbenv/versions/2.6.6/bin/rake:23
  [1m[35m (0.5ms)[0m  [1m[35mCOMMIT[0m
  ↳ /Users/junichi/.rbenv/versions/2.6.6/bin/rake:23
  [1m[36mActiveRecord::InternalMetadata Load (0.7ms)[0m  [1m[34mSELECT  "ar_internal_metadata".* FROM "ar_internal_metadata" WHERE "ar_internal_metadata"."key" = $1 LIMIT $2[0m  [["key", "environment"], ["LIMIT", 1]]
  ↳ /Users/junichi/.rbenv/versions/2.6.6/bin/rake:23
  [1m[35m (0.4ms)[0m  [1m[35mBEGIN[0m
  ↳ /Users/junichi/.rbenv/versions/2.6.6/bin/rake:23
  [1m[36mActiveRecord::InternalMetadata Create (1.2ms)[0m  [1m[32mINSERT INTO "ar_internal_metadata" ("key", "value", "created_at", "updated_at") VALUES ($1, $2, $3, $4) RETURNING "key"[0m  [["key", "environment"], ["value", "development"], ["created_at", "2020-11-18 17:31:12.795544"], ["updated_at", "2020-11-18 17:31:12.795544"]]
  ↳ /Users/junichi/.rbenv/versions/2.6.6/bin/rake:23
  [1m[35m (0.6ms)[0m  [1m[35mCOMMIT[0m
  ↳ /Users/junichi/.rbenv/versions/2.6.6/bin/rake:23
  [1m[35m (0.4ms)[0m  [1m[34mSELECT pg_advisory_unlock(4832799096352680600)[0m
  ↳ /Users/junichi/.rbenv/versions/2.6.6/bin/rake:23
  [1m[35m (0.4ms)[0m  [1m[34mSELECT "schema_migrations"."version" FROM "schema_migrations" ORDER BY "schema_migrations"."version" ASC[0m
  ↳ /Users/junichi/.rbenv/versions/2.6.6/bin/rake:23
  [1m[35m (0.7ms)[0m  [1m[34mSELECT "schema_migrations"."version" FROM "schema_migrations" ORDER BY "schema_migrations"."version" ASC[0m
  ↳ /Users/junichi/.rbenv/versions/2.6.6/bin/rake:23
  [1m[35m (0.5ms)[0m  [1m[34mSELECT "ar_internal_metadata"."value" FROM "ar_internal_metadata" WHERE "ar_internal_metadata"."key" = $1[0m  [["key", "environment"]]
  ↳ /Users/junichi/.rbenv/versions/2.6.6/bin/rake:23
  [1m[35m (0.2ms)[0m  [1m[34mSELECT "schema_migrations"."version" FROM "schema_migrations" ORDER BY "schema_migrations"."version" ASC[0m
  ↳ /Users/junichi/.rbenv/versions/2.6.6/bin/rake:23
  [1m[35m (0.2ms)[0m  [1m[34mSELECT "ar_internal_metadata"."value" FROM "ar_internal_metadata" WHERE "ar_internal_metadata"."key" = $1[0m  [["key", "environment"]]
  ↳ /Users/junichi/.rbenv/versions/2.6.6/bin/rake:23
  [1m[35m (0.2ms)[0m  [1m[34mSELECT "schema_migrations"."version" FROM "schema_migrations" ORDER BY "schema_migrations"."version" ASC[0m
  ↳ /Users/junichi/.rbenv/versions/2.6.6/bin/rake:23
  [1m[35m (0.2ms)[0m  [1m[34mSELECT "ar_internal_metadata"."value" FROM "ar_internal_metadata" WHERE "ar_internal_metadata"."key" = $1[0m  [["key", "environment"]]
  ↳ /Users/junichi/.rbenv/versions/2.6.6/bin/rake:23
  [1m[35m (25.1ms)[0m  [1m[35mDROP DATABASE IF EXISTS "my-foreman_development"[0m
  ↳ /Users/junichi/.rbenv/versions/2.6.6/bin/rake:23
  [1m[35m (22.7ms)[0m  [1m[35mDROP DATABASE IF EXISTS "my-foreman_test"[0m
  ↳ /Users/junichi/.rbenv/versions/2.6.6/bin/rake:23
  [1m[35m (132.2ms)[0m  [1m[35mCREATE DATABASE "my-foreman_development" ENCODING = 'unicode'[0m
  ↳ /Users/junichi/.rbenv/versions/2.6.6/bin/rake:23
  [1m[35m (46.1ms)[0m  [1m[35mCREATE DATABASE "my-foreman_test" ENCODING = 'unicode'[0m
  ↳ /Users/junichi/.rbenv/versions/2.6.6/bin/rake:23
  [1m[35m (7.8ms)[0m  [1m[35mCREATE TABLE "schema_migrations" ("version" character varying NOT NULL PRIMARY KEY)[0m
  ↳ /Users/junichi/.rbenv/versions/2.6.6/bin/rake:23
  [1m[35m (6.2ms)[0m  [1m[35mCREATE TABLE "ar_internal_metadata" ("key" character varying NOT NULL PRIMARY KEY, "value" character varying, "created_at" timestamp NOT NULL, "updated_at" timestamp NOT NULL)[0m
  ↳ /Users/junichi/.rbenv/versions/2.6.6/bin/rake:23
  [1m[35m (1.0ms)[0m  [1m[34mSELECT pg_try_advisory_lock(4832799096352680600)[0m
  ↳ /Users/junichi/.rbenv/versions/2.6.6/bin/rake:23
  [1m[35m (2.1ms)[0m  [1m[34mSELECT "schema_migrations"."version" FROM "schema_migrations" ORDER BY "schema_migrations"."version" ASC[0m
  ↳ /Users/junichi/.rbenv/versions/2.6.6/bin/rake:23
Migrating to CreateUsers (20201108011922)
  [1m[35m (0.4ms)[0m  [1m[35mBEGIN[0m
  ↳ /Users/junichi/.rbenv/versions/2.6.6/bin/rake:23
  [1m[35m (8.3ms)[0m  [1m[35mCREATE TABLE "users" ("id" bigserial primary key, "name" character varying, "age" integer, "created_at" timestamp NOT NULL, "updated_at" timestamp NOT NULL)[0m
  ↳ db/migrate/20201108011922_create_users.rb:3
  [1m[36mActiveRecord::SchemaMigration Create (1.0ms)[0m  [1m[32mINSERT INTO "schema_migrations" ("version") VALUES ($1) RETURNING "version"[0m  [["version", "20201108011922"]]
  ↳ /Users/junichi/.rbenv/versions/2.6.6/bin/rake:23
  [1m[35m (0.5ms)[0m  [1m[35mCOMMIT[0m
  ↳ /Users/junichi/.rbenv/versions/2.6.6/bin/rake:23
  [1m[36mActiveRecord::InternalMetadata Load (0.8ms)[0m  [1m[34mSELECT  "ar_internal_metadata".* FROM "ar_internal_metadata" WHERE "ar_internal_metadata"."key" = $1 LIMIT $2[0m  [["key", "environment"], ["LIMIT", 1]]
  ↳ /Users/junichi/.rbenv/versions/2.6.6/bin/rake:23
  [1m[35m (0.2ms)[0m  [1m[35mBEGIN[0m
  ↳ /Users/junichi/.rbenv/versions/2.6.6/bin/rake:23
  [1m[36mActiveRecord::InternalMetadata Create (13.6ms)[0m  [1m[32mINSERT INTO "ar_internal_metadata" ("key", "value", "created_at", "updated_at") VALUES ($1, $2, $3, $4) RETURNING "key"[0m  [["key", "environment"], ["value", "development"], ["created_at", "2020-11-18 17:49:02.243166"], ["updated_at", "2020-11-18 17:49:02.243166"]]
  ↳ /Users/junichi/.rbenv/versions/2.6.6/bin/rake:23
  [1m[35m (0.4ms)[0m  [1m[35mCOMMIT[0m
  ↳ /Users/junichi/.rbenv/versions/2.6.6/bin/rake:23
  [1m[35m (0.3ms)[0m  [1m[34mSELECT pg_advisory_unlock(4832799096352680600)[0m
  ↳ /Users/junichi/.rbenv/versions/2.6.6/bin/rake:23
  [1m[35m (0.3ms)[0m  [1m[34mSELECT "schema_migrations"."version" FROM "schema_migrations" ORDER BY "schema_migrations"."version" ASC[0m
  ↳ /Users/junichi/.rbenv/versions/2.6.6/bin/rake:23
Started GET "/" for ::1 at 2020-11-19 02:55:15 +0900
Processing by UsersController#index as HTML
  Rendering users/index.html.haml within layouts/application
  Rendered users/index.html.haml within layouts/application (5.0ms)
Completed 200 OK in 48ms (Views: 44.1ms | ActiveRecord: 0.0ms)


Started GET "/" for ::1 at 2020-11-19 04:31:40 +0900
  [1m[35m (2.6ms)[0m  [1m[34mSELECT "schema_migrations"."version" FROM "schema_migrations" ORDER BY "schema_migrations"."version" ASC[0m
  ↳ /Users/junichi/.rbenv/versions/2.6.6/lib/ruby/gems/2.6.0/gems/activerecord-5.2.4.4/lib/active_record/log_subscriber.rb:98
Processing by UsersController#index as HTML
  Rendering users/index.html.haml within layouts/application
  Rendered users/index.html.haml within layouts/application (5.4ms)
Completed 200 OK in 185ms (Views: 177.6ms | ActiveRecord: 0.0ms)


Started GET "/" for ::1 at 2020-11-25 23:08:41 +0900
  [1m[35m (3.0ms)[0m  [1m[34mSELECT "schema_migrations"."version" FROM "schema_migrations" ORDER BY "schema_migrations"."version" ASC[0m
  ↳ /Users/junichi/.rbenv/versions/2.6.6/lib/ruby/gems/2.6.0/gems/activerecord-5.2.4.4/lib/active_record/log_subscriber.rb:98
Processing by UsersController#index as HTML
  Rendering users/index.html.haml within layouts/application
  Rendered users/index.html.haml within layouts/application (3.4ms)
Completed 200 OK in 219ms (Views: 213.8ms | ActiveRecord: 0.0ms)


Started GET "/" for ::1 at 2020-11-25 23:08:53 +0900
Processing by UsersController#index as HTML
  Rendering users/index.html.haml within layouts/application
  Rendered users/index.html.haml within layouts/application (4.9ms)
Completed 500 Internal Server Error in 7ms (ActiveRecord: 0.0ms)


  
ActionView::Template::Error (Illegal nesting: nesting within plain text is illegal.):
    6:     %title Document
    7:   %body
    8:   こんにちわ！
    9:     日本！
  
app/views/users/index.html.haml:9
Started GET "/" for ::1 at 2020-11-25 23:09:01 +0900
Processing by UsersController#index as HTML
  Rendering users/index.html.haml within layouts/application
  Rendered users/index.html.haml within layouts/application (1.7ms)
Completed 200 OK in 13ms (Views: 11.5ms | ActiveRecord: 0.0ms)


Started GET "/" for ::1 at 2020-11-25 23:15:01 +0900
Processing by UsersController#index as HTML
  Rendering users/index.html.haml within layouts/application
  Rendered users/index.html.haml within layouts/application (9.0ms)
Completed 500 Internal Server Error in 11ms (ActiveRecord: 0.0ms)


  
ActionView::Template::Error (Invalid attribute list: "('image-3.jpg')".):
    6:     %title Document
    7:   %body
    8:     %span こんにちわ！日本！
    9:     %image_alt('image-3.jpg')
  
app/views/users/index.html.haml:9
Started GET "/" for ::1 at 2020-11-26 06:19:14 +0900
Processing by UsersController#index as HTML
  Rendering users/index.html.haml within layouts/application
  Rendered users/index.html.haml within layouts/application (10.1ms)
Completed 500 Internal Server Error in 24ms (ActiveRecord: 0.0ms)


  
ActionView::Template::Error (Invalid attribute list: "('image-3.jpg')".):
    6:     %title Document
    7:   %body
    8:     %div こんにちわ！日本！
    9:     %image_alt('image-3.jpg')
  
app/views/users/index.html.haml:9
Started GET "/" for ::1 at 2020-11-26 06:21:41 +0900
Processing by UsersController#index as HTML
  Rendering users/index.html.haml within layouts/application
  Rendered users/index.html.haml within layouts/application (1.6ms)
Completed 500 Internal Server Error in 4ms (ActiveRecord: 0.0ms)


  
ActionView::Template::Error (Illegal nesting: content can't be both given on the same line as %div and nested within it.):
     9:     -# %image_alt('image-3.jpg')
    10:     %style
    11:       %div {
    12:         width: 500px
    13:         heigth: 300px
    14:       }
  
app/views/users/index.html.haml:12
Started GET "/" for ::1 at 2020-11-26 06:21:56 +0900
Processing by UsersController#index as HTML
  Rendering users/index.html.haml within layouts/application
  Rendered users/index.html.haml within layouts/application (1.4ms)
Completed 500 Internal Server Error in 4ms (ActiveRecord: 0.0ms)


  
ActionView::Template::Error (Illegal nesting: content can't be both given on the same line as %div and nested within it.):
     9:     -# %image_alt('image-3.jpg')
    10:     %style
    11:       %div {
    12:         width: 500px;
    13:         heigth: 300px;
    14:       }
  
app/views/users/index.html.haml:12
Started GET "/" for ::1 at 2020-11-26 06:21:57 +0900
Processing by UsersController#index as HTML
  Rendering users/index.html.haml within layouts/application
  Rendered users/index.html.haml within layouts/application (0.9ms)
Completed 500 Internal Server Error in 3ms (ActiveRecord: 0.0ms)


  
ActionView::Template::Error (Illegal nesting: content can't be both given on the same line as %div and nested within it.):
     9:     -# %image_alt('image-3.jpg')
    10:     %style
    11:       %div {
    12:         width: 500px;
    13:         heigth: 300px;
    14:       }
  
app/views/users/index.html.haml:12
Started GET "/" for ::1 at 2020-11-26 06:22:15 +0900
Processing by UsersController#index as HTML
  Rendering users/index.html.haml within layouts/application
  Rendered users/index.html.haml within layouts/application (1.3ms)
Completed 500 Internal Server Error in 4ms (ActiveRecord: 0.0ms)


  
ActionView::Template::Error (Illegal nesting: nesting within plain text is illegal.):
     9:     -# %image_alt('image-3.jpg')
    10:     %style
    11:       div {
    12:         width: 500px;
    13:         heigth: 300px;
    14:       }
  
app/views/users/index.html.haml:12
Started GET "/" for ::1 at 2020-11-26 06:23:23 +0900
Processing by UsersController#index as HTML
  Rendering users/index.html.haml within layouts/application
  Rendered users/index.html.haml within layouts/application (4.6ms)
Completed 200 OK in 97ms (Views: 96.3ms | ActiveRecord: 0.0ms)


Started GET "/" for ::1 at 2020-11-26 06:59:46 +0900
Processing by UsersController#index as HTML
  Rendering users/index.html.haml within layouts/application
  Rendered users/index.html.haml within layouts/application (1.7ms)
Completed 200 OK in 37ms (Views: 35.6ms | ActiveRecord: 0.0ms)


Started GET "/" for ::1 at 2020-11-26 06:59:47 +0900
Processing by UsersController#index as HTML
  Rendering users/index.html.haml within layouts/application
  Rendered users/index.html.haml within layouts/application (2.0ms)
Completed 200 OK in 31ms (Views: 29.8ms | ActiveRecord: 0.0ms)


Started GET "/" for ::1 at 2020-11-26 06:59:48 +0900
Processing by UsersController#index as HTML
  Rendering users/index.html.haml within layouts/application
  Rendered users/index.html.haml within layouts/application (2.4ms)
Completed 200 OK in 17ms (Views: 15.8ms | ActiveRecord: 0.0ms)


Started GET "/" for ::1 at 2020-11-26 06:59:48 +0900
Processing by UsersController#index as HTML
  Rendering users/index.html.haml within layouts/application
  Rendered users/index.html.haml within layouts/application (2.0ms)
Completed 200 OK in 15ms (Views: 14.1ms | ActiveRecord: 0.0ms)


Started GET "/" for ::1 at 2020-11-26 06:59:49 +0900
Processing by UsersController#index as HTML
  Rendering users/index.html.haml within layouts/application
  Rendered users/index.html.haml within layouts/application (2.2ms)
Completed 200 OK in 16ms (Views: 15.2ms | ActiveRecord: 0.0ms)


Started GET "/" for ::1 at 2020-11-26 06:59:49 +0900
Processing by UsersController#index as HTML
  Rendering users/index.html.haml within layouts/application
  Rendered users/index.html.haml within layouts/application (1.9ms)
Completed 200 OK in 14ms (Views: 13.4ms | ActiveRecord: 0.0ms)


Started GET "/" for ::1 at 2020-11-26 06:59:49 +0900
Processing by UsersController#index as HTML
  Rendering users/index.html.haml within layouts/application
  Rendered users/index.html.haml within layouts/application (2.1ms)
Completed 200 OK in 15ms (Views: 14.3ms | ActiveRecord: 0.0ms)


Started GET "/" for ::1 at 2020-11-26 06:59:49 +0900
Processing by UsersController#index as HTML
  Rendering users/index.html.haml within layouts/application
  Rendered users/index.html.haml within layouts/application (1.9ms)
Completed 200 OK in 15ms (Views: 13.8ms | ActiveRecord: 0.0ms)


Started GET "/" for ::1 at 2020-11-26 07:00:18 +0900
Processing by UsersController#index as HTML
  Rendering users/index.html.haml within layouts/application
  Rendered users/index.html.haml within layouts/application (1.9ms)
Completed 200 OK in 15ms (Views: 14.3ms | ActiveRecord: 0.0ms)


Started GET "/" for ::1 at 2020-11-26 23:51:48 +0900
  [1m[35m (3.2ms)[0m  [1m[34mSELECT "schema_migrations"."version" FROM "schema_migrations" ORDER BY "schema_migrations"."version" ASC[0m
  ↳ /Users/junichi/.rbenv/versions/2.6.6/lib/ruby/gems/2.6.0/gems/activerecord-5.2.4.4/lib/active_record/log_subscriber.rb:98
Processing by UsersController#index as HTML
  Rendering users/index.html.haml within layouts/application
  Rendered users/index.html.haml within layouts/application (3.7ms)
Completed 200 OK in 348ms (Views: 342.1ms | ActiveRecord: 0.0ms)


